 [LOGGER] 2023-10-29 10:02:32.763 PM error : controllers/contactController.js:setContact - Expected a string but received a Array
 [LOGGER] 2023-10-29 10:03:27.815 PM error : controllers/contactController.js:setContact - Expected a string but received a Array
 [LOGGER] 2023-10-29 10:04:26.266 PM error : controllers/contactController.js:setContact - Expected a string but received a Array
 [LOGGER] 2023-10-29 10:43:01.127 PM error : uncaughtException: Transaction cannot be rolled back because it has been finished with state: commit
Error: Transaction cannot be rolled back because it has been finished with state: commit
    at Transaction.rollback (C:\youtube\rest-api\13-rest-api-contact\node_modules\sequelize\lib\transaction.js:59:13)
    at setContact (file:///C:/youtube/rest-api/13-rest-api-contact/src/controllers/contactController.js:84:13)
    at process.processTicksAndRejections (node:internal/process/task_queues:95:5)
 [LOGGER] 2023-10-29 10:44:47.374 PM error : uncaughtException: Transaction cannot be rolled back because it has been finished with state: rollback
Error: Transaction cannot be rolled back because it has been finished with state: rollback
    at Transaction.rollback (C:\youtube\rest-api\13-rest-api-contact\node_modules\sequelize\lib\transaction.js:59:13)
    at setContact (file:///C:/youtube/rest-api/13-rest-api-contact/src/controllers/contactController.js:85:13)
    at process.processTicksAndRejections (node:internal/process/task_queues:95:5)
 [LOGGER] 2023-10-29 10:45:38.383 PM error : uncaughtException: Transaction cannot be rolled back because it has been finished with state: rollback
Error: Transaction cannot be rolled back because it has been finished with state: rollback
    at Transaction.rollback (C:\youtube\rest-api\13-rest-api-contact\node_modules\sequelize\lib\transaction.js:59:13)
    at setContact (file:///C:/youtube/rest-api/13-rest-api-contact/src/controllers/contactController.js:85:13)
    at process.processTicksAndRejections (node:internal/process/task_queues:95:5)
 [LOGGER] 2023-10-29 10:46:49.103 PM error : uncaughtException: Transaction cannot be rolled back because it has been finished with state: rollback
Error: Transaction cannot be rolled back because it has been finished with state: rollback
    at Transaction.rollback (C:\youtube\rest-api\13-rest-api-contact\node_modules\sequelize\lib\transaction.js:59:13)
    at setContact (file:///C:/youtube/rest-api/13-rest-api-contact/src/controllers/contactController.js:86:13)
    at process.processTicksAndRejections (node:internal/process/task_queues:95:5)
 [LOGGER] 2023-10-29 10:47:36.048 PM error : uncaughtException: Transaction cannot be rolled back because it has been finished with state: rollback
Error: Transaction cannot be rolled back because it has been finished with state: rollback
    at Transaction.rollback (C:\youtube\rest-api\13-rest-api-contact\node_modules\sequelize\lib\transaction.js:59:13)
    at setContact (file:///C:/youtube/rest-api/13-rest-api-contact/src/controllers/contactController.js:86:13)
    at process.processTicksAndRejections (node:internal/process/task_queues:95:5)
 [LOGGER] 2023-10-29 10:51:11.320 PM error : uncaughtException: Transaction cannot be rolled back because it has been finished with state: commit
Error: Transaction cannot be rolled back because it has been finished with state: commit
    at Transaction.rollback (C:\youtube\rest-api\13-rest-api-contact\node_modules\sequelize\lib\transaction.js:59:13)
    at setContact (file:///C:/youtube/rest-api/13-rest-api-contact/src/controllers/contactController.js:84:13)
    at process.processTicksAndRejections (node:internal/process/task_queues:95:5)
 [LOGGER] 2023-10-29 10:57:59.138 PM error : uncaughtException: Transaction cannot be rolled back because it has been finished with state: commit
Error: Transaction cannot be rolled back because it has been finished with state: commit
    at Transaction.rollback (C:\youtube\rest-api\13-rest-api-contact\node_modules\sequelize\lib\transaction.js:59:13)
    at setContact (file:///C:/youtube/rest-api/13-rest-api-contact/src/controllers/contactController.js:84:13)
    at process.processTicksAndRejections (node:internal/process/task_queues:95:5)
 [LOGGER] 2023-10-29 11:09:39.743 PM error : uncaughtException: Transaction cannot be rolled back because it has been finished with state: commit
Error: Transaction cannot be rolled back because it has been finished with state: commit
    at Transaction.rollback (C:\youtube\rest-api\13-rest-api-contact\node_modules\sequelize\lib\transaction.js:59:13)
    at setContact (file:///C:/youtube/rest-api/13-rest-api-contact/src/controllers/contactController.js:84:13)
    at process.processTicksAndRejections (node:internal/process/task_queues:95:5)
 [LOGGER] 2023-10-29 11:18:45.981 PM error : controllers/contactController.js:setContact - Contact.createe is not a function
 [LOGGER] 2023-10-29 11:19:48.486 PM error : controllers/contactController.js:setContact - items is not defined
