 [LOGGER] 2023-11-14 08:43:51.085 PM error : uncaughtException: listen EADDRINUSE: address already in use :::3000
Error: listen EADDRINUSE: address already in use :::3000
    at Server.setupListenHandle [as _listen2] (node:net:1872:16)
    at listenInCluster (node:net:1920:12)
    at Server.listen (node:net:2008:7)
    at Function.listen (C:\youtube\rest-api\28-fullstack-10\backend\node_modules\express\lib\application.js:635:24)
    at file:///C:/youtube/rest-api/28-fullstack-10/backend/src/index.js:8:5
    at ModuleJob.run (node:internal/modules/esm/module_job:217:25)
    at async ModuleLoader.import (node:internal/modules/esm/loader:316:24)
    at async loadESM (node:internal/process/esm_loader:34:7)
    at async handleMainPromise (node:internal/modules/run_main:66:12)
 [LOGGER] 2023-11-14 08:44:40.088 PM error : uncaughtException: listen EADDRINUSE: address already in use :::3000
Error: listen EADDRINUSE: address already in use :::3000
    at Server.setupListenHandle [as _listen2] (node:net:1872:16)
    at listenInCluster (node:net:1920:12)
    at Server.listen (node:net:2008:7)
    at Function.listen (C:\youtube\rest-api\28-fullstack-10\backend\node_modules\express\lib\application.js:635:24)
    at file:///C:/youtube/rest-api/28-fullstack-10/backend/src/index.js:8:5
    at ModuleJob.run (node:internal/modules/esm/module_job:217:25)
    at async ModuleLoader.import (node:internal/modules/esm/loader:316:24)
    at async loadESM (node:internal/process/esm_loader:34:7)
    at async handleMainPromise (node:internal/modules/run_main:66:12)
