 [LOGGER] 2023-11-06 09:35:03.967 PM error : uncaughtException: listen EADDRINUSE: address already in use :::3000
Error: listen EADDRINUSE: address already in use :::3000
    at Server.setupListenHandle [as _listen2] (node:net:1872:16)
    at listenInCluster (node:net:1920:12)
    at Server.listen (node:net:2008:7)
    at Function.listen (C:\youtube\sequelize\17-fulstack-redux-optimize\server\node_modules\express\lib\application.js:635:24)
    at file:///C:/youtube/sequelize/17-fulstack-redux-optimize/server/src/index.js:8:5
    at ModuleJob.run (node:internal/modules/esm/module_job:217:25)
    at async ModuleLoader.import (node:internal/modules/esm/loader:316:24)
    at async loadESM (node:internal/process/esm_loader:34:7)
    at async handleMainPromise (node:internal/modules/run_main:66:12)
 [LOGGER] 2023-11-06 09:35:32.502 PM error : uncaughtException: listen EADDRINUSE: address already in use :::3000
Error: listen EADDRINUSE: address already in use :::3000
    at Server.setupListenHandle [as _listen2] (node:net:1872:16)
    at listenInCluster (node:net:1920:12)
    at Server.listen (node:net:2008:7)
    at Function.listen (C:\youtube\sequelize\17-fulstack-redux-optimize\server\node_modules\express\lib\application.js:635:24)
    at file:///C:/youtube/sequelize/17-fulstack-redux-optimize/server/src/index.js:8:5
    at ModuleJob.run (node:internal/modules/esm/module_job:217:25)
    at async ModuleLoader.import (node:internal/modules/esm/loader:316:24)
    at async loadESM (node:internal/process/esm_loader:34:7)
    at async handleMainPromise (node:internal/modules/run_main:66:12)
 [LOGGER] 2023-11-06 09:36:00.726 PM error : uncaughtException: listen EADDRINUSE: address already in use :::3000
Error: listen EADDRINUSE: address already in use :::3000
    at Server.setupListenHandle [as _listen2] (node:net:1872:16)
    at listenInCluster (node:net:1920:12)
    at Server.listen (node:net:2008:7)
    at Function.listen (C:\youtube\sequelize\17-fulstack-redux-optimize\server\node_modules\express\lib\application.js:635:24)
    at file:///C:/youtube/sequelize/17-fulstack-redux-optimize/server/src/index.js:8:5
    at ModuleJob.run (node:internal/modules/esm/module_job:217:25)
    at async ModuleLoader.import (node:internal/modules/esm/loader:316:24)
    at async loadESM (node:internal/process/esm_loader:34:7)
    at async handleMainPromise (node:internal/modules/run_main:66:12)
 [LOGGER] 2023-11-06 09:36:08.470 PM error : uncaughtException: listen EADDRINUSE: address already in use :::3000
Error: listen EADDRINUSE: address already in use :::3000
    at Server.setupListenHandle [as _listen2] (node:net:1872:16)
    at listenInCluster (node:net:1920:12)
    at Server.listen (node:net:2008:7)
    at Function.listen (C:\youtube\sequelize\17-fulstack-redux-optimize\server\node_modules\express\lib\application.js:635:24)
    at file:///C:/youtube/sequelize/17-fulstack-redux-optimize/server/src/index.js:8:5
    at ModuleJob.run (node:internal/modules/esm/module_job:217:25)
    at async ModuleLoader.import (node:internal/modules/esm/loader:316:24)
    at async loadESM (node:internal/process/esm_loader:34:7)
    at async handleMainPromise (node:internal/modules/run_main:66:12)
 [LOGGER] 2023-11-06 09:36:56.889 PM error : uncaughtException: listen EADDRINUSE: address already in use :::3000
Error: listen EADDRINUSE: address already in use :::3000
    at Server.setupListenHandle [as _listen2] (node:net:1872:16)
    at listenInCluster (node:net:1920:12)
    at Server.listen (node:net:2008:7)
    at Function.listen (C:\youtube\sequelize\17-fulstack-redux-optimize\server\node_modules\express\lib\application.js:635:24)
    at file:///C:/youtube/sequelize/17-fulstack-redux-optimize/server/src/index.js:8:5
    at ModuleJob.run (node:internal/modules/esm/module_job:217:25)
    at async ModuleLoader.import (node:internal/modules/esm/loader:316:24)
    at async loadESM (node:internal/process/esm_loader:34:7)
    at async handleMainPromise (node:internal/modules/run_main:66:12)
 [LOGGER] 2023-11-06 09:39:15.798 PM error : uncaughtException: connect ECONNREFUSED 127.0.0.1:3306
SequelizeConnectionRefusedError: connect ECONNREFUSED 127.0.0.1:3306
    at ConnectionManager.connect (C:\youtube\sequelize\17-fulstack-redux-optimize\server\node_modules\sequelize\lib\dialects\mariadb\connection-manager.js:87:17)
    at process.processTicksAndRejections (node:internal/process/task_queues:95:5)
    at async ConnectionManager._connect (C:\youtube\sequelize\17-fulstack-redux-optimize\server\node_modules\sequelize\lib\dialects\abstract\connection-manager.js:222:24)
    at async C:\youtube\sequelize\17-fulstack-redux-optimize\server\node_modules\sequelize\lib\dialects\abstract\connection-manager.js:174:32
 [LOGGER] 2023-11-06 09:39:15.800 PM error : uncaughtException: connect ECONNREFUSED 127.0.0.1:3306
SequelizeConnectionRefusedError: connect ECONNREFUSED 127.0.0.1:3306
    at ConnectionManager.connect (C:\youtube\sequelize\17-fulstack-redux-optimize\server\node_modules\sequelize\lib\dialects\mariadb\connection-manager.js:87:17)
    at process.processTicksAndRejections (node:internal/process/task_queues:95:5)
    at async ConnectionManager._connect (C:\youtube\sequelize\17-fulstack-redux-optimize\server\node_modules\sequelize\lib\dialects\abstract\connection-manager.js:222:24)
    at async C:\youtube\sequelize\17-fulstack-redux-optimize\server\node_modules\sequelize\lib\dialects\abstract\connection-manager.js:174:32
 [LOGGER] 2023-11-06 09:39:15.801 PM error : uncaughtException: connect ECONNREFUSED 127.0.0.1:3306
SequelizeConnectionRefusedError: connect ECONNREFUSED 127.0.0.1:3306
    at ConnectionManager.connect (C:\youtube\sequelize\17-fulstack-redux-optimize\server\node_modules\sequelize\lib\dialects\mariadb\connection-manager.js:87:17)
    at process.processTicksAndRejections (node:internal/process/task_queues:95:5)
    at async ConnectionManager._connect (C:\youtube\sequelize\17-fulstack-redux-optimize\server\node_modules\sequelize\lib\dialects\abstract\connection-manager.js:222:24)
    at async C:\youtube\sequelize\17-fulstack-redux-optimize\server\node_modules\sequelize\lib\dialects\abstract\connection-manager.js:174:32
